************************************************************************
Not in type system
 - QAbstractConcatenable
 - QAbstractFileEngine::ExtensionOption
 - QAbstractFileEngine::ExtensionReturn
 - QAbstractFileEngine::MapExtensionOption
 - QAbstractFileEngine::MapExtensionReturn
 - QAbstractFileEngine::UnMapExtensionOption
 - QAbstractMessageHandler
 - QAbstractUndoItem
 - QAbstractUriResolver
 - QAbstractXmlNodeModel
 - QAbstractXmlReceiver
 - QAccessible
 - QAccessible2Interface
 - QAccessibleActionInterface
 - QAccessibleApplication
 - QAccessibleBridge
 - QAccessibleBridgeFactoryInterface
 - QAccessibleBridgePlugin
 - QAccessibleEditableTextInterface
 - QAccessibleFactoryInterface
 - QAccessibleImageInterface
 - QAccessibleInterface
 - QAccessibleInterfaceEx
 - QAccessibleObject
 - QAccessibleObjectEx
 - QAccessiblePlugin
 - QAccessibleSimpleEditableTextInterface
 - QAccessibleTable2CellInterface
 - QAccessibleTable2Interface
 - QAccessibleTableInterface
 - QAccessibleTextInterface
 - QAccessibleValueInterface
 - QAccessibleWidget
 - QAccessibleWidgetEx
 - QAnimationDriver
 - QArgument
 - QAtomicInt
 - QAtomicPointer
 - QBasicAtomicInt
 - QBasicAtomicPointer
 - QBitRef
 - QBrushData
 - QByteArray::Data
 - QByteArrayMatcher::Data
 - QByteRef
 - QCache
 - QCharRef
 - QColormap
 - QConcatenable
 - QContiguousCache
 - QContiguousCacheData
 - QContiguousCacheTypedData
 - QDebug
 - QDeclarativeDebuggingEnabler
 - QDeclarativeInfo
 - QDeclarativeListProperty
 - QDeclarativePropertyValueInterceptor
 - QDeclarativeTypeInfo
 - QDomAttr
 - QDomCDATASection
 - QDomCharacterData
 - QDomComment
 - QDomDocument
 - QDomDocumentFragment
 - QDomDocumentType
 - QDomElement
 - QDomEntity
 - QDomEntityReference
 - QDomImplementation
 - QDomNamedNodeMap
 - QDomNode
 - QDomNodeList
 - QDomNotation
 - QDomProcessingInstruction
 - QDomText
 - QDragResponseEvent
 - QEventSizeOfChecker>
 - QExplicitlySharedDataPointer
 - QFlag
 - QFlags
 - QForeachContainer
 - QForeachContainerBase
 - QFuture
 - QFutureInterface
 - QFutureInterfaceBase
 - QFutureIterator
 - QFutureSynchronizer
 - QFutureWatcher
 - QFutureWatcherBase
 - QGLBuffer
 - QGLColormap
 - QGLContext
 - QGLFormat
 - QGLFramebufferObject
 - QGLFramebufferObjectFormat
 - QGLFunctions
 - QGLFunctionsPrivate
 - QGLPixelBuffer
 - QGLShader
 - QGLShaderProgram
 - QGLWidget
 - QGenericMatrix
 - QGlobalStatic
 - QGlobalStaticDeleter
 - QGraphicsSvgItem
 - QGraphicsWebView
 - QHash::const_iterator
 - QHash::iterator
 - QHashData
 - QHashDummyNode
 - QHashDummyValue
 - QHashIterator
 - QHashNode
 - QHelpContentItem
 - QHelpContentModel
 - QHelpContentWidget
 - QHelpEngine
 - QHelpEngineCore
 - QHelpGlobal
 - QHelpIndexModel
 - QHelpIndexWidget
 - QHelpSearchEngine
 - QHelpSearchQuery
 - QHelpSearchQueryWidget
 - QHelpSearchResultWidget
 - QHttpMultiPart
 - QHttpPart
 - QIconEngineFactoryInterface
 - QIconEngineFactoryInterfaceV2
 - QIconEnginePlugin
 - QIconEnginePluginV2
 - QIconEngineV2::AvailableSizesArgument
 - QIdentityProxyModel
 - QImageIOHandlerFactoryInterface
 - QImageIOPlugin
 - QImageTextKeyLang
 - QIncompatibleFlag
 - QInputContextFactoryInterface
 - QInputContextPlugin
 - QIntegerForSize>
 - QIntegerForSizeof
 - QInternal
 - QItemEditorCreator
 - QLatin1Char
 - QLatin1Literal
 - QLatin1String
 - QLibrary
 - QLinkedList::const_iterator
 - QLinkedList::iterator
 - QLinkedListData
 - QLinkedListIterator
 - QLinkedListNode
 - QList::Node
 - QList::const_iterator
 - QList::iterator
 - QListData
 - QListIterator
 - QLocale::Data
 - QMap::const_iterator
 - QMap::iterator
 - QMapData
 - QMapIterator
 - QMapNode
 - QMapPayloadNode
 - QMetaObjectExtraData
 - QMetaType
 - QMetaTypeId
 - QMetaTypeId2
 - QMimeSource
 - QMultiHash
 - QMutableHashIterator
 - QMutableLinkedListIterator
 - QMutableListIterator
 - QMutableMapIterator
 - QMutableSetIterator
 - QMutableVectorIterator
 - QMutexData
 - QNoDebug
 - QObjectCleanupHandler
 - QObjectData
 - QObjectUserData
 - QPainterPathPrivate
 - QPictureFormatInterface
 - QPictureFormatPlugin
 - QPointer
 - QProxyStyle
 - QRegion::QRegionData
 - QReturnArgument
 - QS60Style
 - QScopedArrayPointer
 - QScopedPointer
 - QScopedPointerArrayDeleter
 - QScopedPointerDeleter
 - QScopedPointerPodDeleter
 - QScopedValueRollback
 - QScriptClass
 - QScriptClassPropertyIterator
 - QScriptContext
 - QScriptContextInfo
 - QScriptEngine
 - QScriptEngineAgent
 - QScriptEngineDebugger
 - QScriptExtensionInterface
 - QScriptExtensionPlugin
 - QScriptProgram
 - QScriptString
 - QScriptSyntaxCheckResult
 - QScriptValue
 - QScriptValueIterator
 - QScriptable
 - QSet::const_iterator
 - QSet::iterator
 - QSetIterator
 - QSharedData
 - QSharedDataPointer
 - QSharedMemory
 - QSharedPointer
 - QSignalSpy
 - QSimpleXmlNodeModel
 - QSourceLocation
 - QSpontaneKeyEvent
 - QSqlDatabase
 - QSqlDriver
 - QSqlDriverCreator
 - QSqlDriverCreatorBase
 - QSqlDriverFactoryInterface
 - QSqlDriverPlugin
 - QSqlError
 - QSqlField
 - QSqlIndex
 - QSqlQuery
 - QSqlQueryModel
 - QSqlRecord
 - QSqlRelation
 - QSqlRelationalDelegate
 - QSqlRelationalTableModel
 - QSqlResult
 - QSqlTableModel
 - QStandardItemEditorCreator
 - QStaticText
 - QStringBuilder
 - QStringMatcher
 - QStyleFactoryInterface
 - QStyleOptionQ3DockWindow
 - QStyleOptionQ3ListView
 - QStyleOptionQ3ListViewItem
 - QStyleOptionTabWidgetFrameV2
 - QStylePlugin
 - QSvgGenerator
 - QSvgRenderer
 - QSvgWidget
 - QSystemLocale::CurrencyToStringArgument
 - QTestBasicStreamer
 - QTestCoreElement
 - QTestCoreList
 - QTestData
 - QTestDelayEvent
 - QTestElement
 - QTestElementAttribute
 - QTestEvent
 - QTestEventList
 - QTestEventLoop
 - QTestFileLogger
 - QTestKeyClicksEvent
 - QTestKeyEvent
 - QTestLightXmlStreamer
 - QTestMouseEvent
 - QTestXmlStreamer
 - QTestXunitStreamer
 - QTextCodecFactoryInterface
 - QTextCodecPlugin
 - QTextDocumentWriter
 - QTextFrameLayoutData
 - QThreadStorage
 - QThreadStorageData
 - QTypeInfo
 - QUiLoader
 - QUpdateLaterEvent
 - QVFbHeader
 - QVFbKeyData
 - QVarLengthArray
 - QVectorData
 - QVectorIterator
 - QVectorTypedData
 - QWSEmbedWidget
 - QWeakPointer
 - QWebDatabase
 - QWebElement
 - QWebElementCollection
 - QWebFrame
 - QWebHapticFeedbackPlayer
 - QWebHistory
 - QWebHistoryInterface
 - QWebHistoryItem
 - QWebHitTestResult
 - QWebInspector
 - QWebKitPlatformPlugin
 - QWebNotificationData
 - QWebNotificationPresenter
 - QWebPage
 - QWebPluginFactory
 - QWebSecurityOrigin
 - QWebSelectData
 - QWebSelectMethod
 - QWebSettings
 - QWebSpellChecker
 - QWebTouchModifier
 - QWebView
 - QWidgetData
 - QWidgetItemV2
 - QWindowsCEStyle
 - QWindowsMobileStyle
 - QWindowsVistaStyle
 - QWindowsXPStyle
 - QXmlAttributes
 - QXmlContentHandler
 - QXmlDTDHandler
 - QXmlDeclHandler
 - QXmlDefaultHandler
 - QXmlEntityResolver
 - QXmlErrorHandler
 - QXmlFormatter
 - QXmlInputSource
 - QXmlItem
 - QXmlLexicalHandler
 - QXmlLocator
 - QXmlName
 - QXmlNamePool
 - QXmlNamespaceSupport
 - QXmlNodeModelIndex
 - QXmlParseException
 - QXmlQuery
 - QXmlReader
 - QXmlResultItems
 - QXmlSchema
 - QXmlSchemaValidator
 - QXmlSerializer
 - QXmlSimpleReader
 - QXmlStreamStringRef
 - QtConcurrent::Exception
 - QtConcurrent::UnhandledException
 - _IO_FILE
 - _IO_marker
 - __exception
 - drand48_data
 - random_data
************************************************************************

************************************************************************
Generation disabled by type system
************************************************************************

************************************************************************
Type redefined to not be a class
 - QBool
 - QChar
 - QString
 - QStringList
 - QStringRef
 - QVariant
************************************************************************

************************************************************************
Unmatched argument type
************************************************************************

************************************************************************
Unmatched return type
************************************************************************

************************************************************************
Incompatible API
************************************************************************

