************************************************************************
Not in type system
 - PM_CbaIconHeight
 - QML_HAS_ATTACHED_PROPERTIES
 - Qt::Initialization
 - SP_CustomTabVideos
 - _ISalnum
************************************************************************

************************************************************************
Generation disabled by type system
 - FP_NORMAL
 - QAbstractFileEngineIterator::EntryInfoType
 - QMetaMethod::Attributes
 - Q_DUMMY_TYPE
 - __codecvt_result
************************************************************************

************************************************************************
Type redefined to not be a class
************************************************************************

************************************************************************
Unmatched argument type
************************************************************************

************************************************************************
Unmatched return type
************************************************************************

************************************************************************
Incompatible API
************************************************************************

