************************************************************************
Not in type system
 - PM_CbaIconHeight
 - QML_HAS_ATTACHED_PROPERTIES
 - Qt::Initialization
 - SP_CustomTabVideos
************************************************************************

************************************************************************
Generation disabled by type system
 - FP_NORMAL
 - QAbstractFileEngineIterator::EntryInfoType
 - QCoreApplication::ApplicationFlags
 - QFont::ResolveProperties
 - QGraphicsEllipseItem::Type
 - QGraphicsItem::UserType
 - QGraphicsItemGroup::Type
 - QGraphicsLineItem::Type
 - QGraphicsPathItem::Type
 - QGraphicsPixmapItem::Type
 - QGraphicsPolygonItem::Type
 - QGraphicsProxyWidget::Type
 - QGraphicsRectItem::Type
 - QGraphicsSimpleTextItem::Type
 - QGraphicsSvgItem::Type
 - QGraphicsTextItem::Type
 - QGraphicsWidget::Type
 - QMatrix4x4::enum_1
 - QMetaMethod::Attributes
 - Q_DUMMY_TYPE
 - QtValidLicenseForActiveQtModule
 - QtValidLicenseForCoreModule
 - QtValidLicenseForDBusModule
 - QtValidLicenseForGuiModule
 - QtValidLicenseForHelpModule
 - QtValidLicenseForNetworkModule
 - QtValidLicenseForOpenGLModule
 - QtValidLicenseForQt3SupportLightModule
 - QtValidLicenseForQt3SupportModule
 - QtValidLicenseForScriptModule
 - QtValidLicenseForScriptToolsModule
 - QtValidLicenseForSqlModule
 - QtValidLicenseForSvgModule
 - QtValidLicenseForTestModule
 - QtValidLicenseForXmlModule
 - QtValidLicenseForXmlPatternsModule
 - __codecvt_result
************************************************************************

************************************************************************
Type redefined to not be a class
************************************************************************

************************************************************************
Unmatched argument type
************************************************************************

************************************************************************
Unmatched return type
************************************************************************

************************************************************************
Incompatible API
************************************************************************

