************************************************************************
Not in type system
************************************************************************

************************************************************************
Generation disabled by type system
 - QAbstractFileEngine::d_ptr
 - QChildEvent::c
 - QDir::d_ptr
 - QDomNode::impl
 - QEvent::d
 - QEvent::t
 - QFileInfo::d_ptr
 - QMetaObject::d
 - QObject::d_ptr
 - QObject::staticMetaObject
 - QObject::staticQtMetaObject
 - QResource::d_ptr
 - QTextCodec::ConverterState::d
 - QTextCodec::ConverterState::state_data
 - QTimerEvent::id
 - QUuid::data1
 - QUuid::data2
 - QUuid::data3
 - QUuid::data4
 - QXmlInputSource::EndOfData
 - QXmlInputSource::EndOfDocument
************************************************************************

************************************************************************
Type redefined to not be a class
************************************************************************

************************************************************************
Unmatched argument type
************************************************************************

************************************************************************
Unmatched return type
************************************************************************

************************************************************************
Incompatible API
************************************************************************

