************************************************************************
Not in type system
 - QAbstractAudioDeviceInfo
 - QAbstractAudioInput
 - QAbstractAudioOutput
 - QAbstractButton
 - QAbstractConcatenable
 - QAbstractFileEngine::ExtensionOption
 - QAbstractFileEngine::ExtensionReturn
 - QAbstractFileEngine::MapExtensionOption
 - QAbstractFileEngine::MapExtensionReturn
 - QAbstractFileEngine::UnMapExtensionOption
 - QAbstractGraphicsShapeItem
 - QAbstractItemDelegate
 - QAbstractItemView
 - QAbstractMessageHandler
 - QAbstractNetworkCache
 - QAbstractPageSetupDialog
 - QAbstractPrintDialog
 - QAbstractProxyModel
 - QAbstractScrollArea
 - QAbstractSlider
 - QAbstractSocket
 - QAbstractSpinBox
 - QAbstractTextDocumentLayout
 - QAbstractUndoItem
 - QAbstractUriResolver
 - QAbstractVideoBuffer
 - QAbstractVideoSurface
 - QAbstractXmlNodeModel
 - QAbstractXmlReceiver
 - QAccessible
 - QAccessible2Interface
 - QAccessibleActionInterface
 - QAccessibleApplication
 - QAccessibleBridge
 - QAccessibleBridgeFactoryInterface
 - QAccessibleBridgePlugin
 - QAccessibleEditableTextInterface
 - QAccessibleEvent
 - QAccessibleFactoryInterface
 - QAccessibleImageInterface
 - QAccessibleInterface
 - QAccessibleInterfaceEx
 - QAccessibleObject
 - QAccessibleObjectEx
 - QAccessiblePlugin
 - QAccessibleSimpleEditableTextInterface
 - QAccessibleTable2CellInterface
 - QAccessibleTable2Interface
 - QAccessibleTableInterface
 - QAccessibleTextInterface
 - QAccessibleValueInterface
 - QAccessibleWidget
 - QAccessibleWidgetEx
 - QAction
 - QActionEvent
 - QActionGroup
 - QAnimationDriver
 - QApplication
 - QArgument
 - QAtomicInt
 - QAtomicPointer
 - QAudioDeviceInfo
 - QAudioEngineFactoryInterface
 - QAudioEnginePlugin
 - QAudioFormat
 - QAudioInput
 - QAudioOutput
 - QAuthenticator
 - QBasicAtomicInt
 - QBasicAtomicPointer
 - QBitRef
 - QBitmap
 - QBoxLayout
 - QBrush
 - QBrushData
 - QButtonGroup
 - QByteArray::Data
 - QByteArrayMatcher::Data
 - QByteRef
 - QCDEStyle
 - QCache
 - QCalendarWidget
 - QCharRef
 - QCheckBox
 - QCleanlooksStyle
 - QClipboard
 - QClipboardEvent
 - QCloseEvent
 - QColor
 - QColorDialog
 - QColormap
 - QColumnView
 - QComboBox
 - QCommandLinkButton
 - QCommonStyle
 - QCompleter
 - QConcatenable
 - QConicalGradient
 - QContextMenuEvent
 - QContiguousCache
 - QContiguousCacheData
 - QContiguousCacheTypedData
 - QCursor
 - QDataWidgetMapper
 - QDateEdit
 - QDateTimeEdit
 - QDebug
 - QDeclarativeComponent
 - QDeclarativeContext
 - QDeclarativeDebuggingEnabler
 - QDeclarativeEngine
 - QDeclarativeError
 - QDeclarativeExpression
 - QDeclarativeExtensionInterface
 - QDeclarativeExtensionPlugin
 - QDeclarativeImageProvider
 - QDeclarativeInfo
 - QDeclarativeItem
 - QDeclarativeListProperty
 - QDeclarativeListReference
 - QDeclarativeNetworkAccessManagerFactory
 - QDeclarativeParserStatus
 - QDeclarativeProperty
 - QDeclarativePropertyMap
 - QDeclarativePropertyValueInterceptor
 - QDeclarativePropertyValueSource
 - QDeclarativeScriptString
 - QDeclarativeTypeInfo
 - QDeclarativeView
 - QDesktopServices
 - QDesktopWidget
 - QDial
 - QDialog
 - QDialogButtonBox
 - QDirModel
 - QDockWidget
 - QDomAttr
 - QDomCDATASection
 - QDomCharacterData
 - QDomComment
 - QDomDocument
 - QDomDocumentFragment
 - QDomDocumentType
 - QDomElement
 - QDomEntity
 - QDomEntityReference
 - QDomImplementation
 - QDomNamedNodeMap
 - QDomNode
 - QDomNodeList
 - QDomNotation
 - QDomProcessingInstruction
 - QDomText
 - QDoubleSpinBox
 - QDoubleValidator
 - QDrag
 - QDragEnterEvent
 - QDragLeaveEvent
 - QDragMoveEvent
 - QDragResponseEvent
 - QDropEvent
 - QErrorMessage
 - QEventSizeOfChecker>
 - QExplicitlySharedDataPointer
 - QFileDialog
 - QFileIconProvider
 - QFileOpenEvent
 - QFileSystemModel
 - QFlag
 - QFlags
 - QFocusEvent
 - QFocusFrame
 - QFont
 - QFontComboBox
 - QFontDatabase
 - QFontDialog
 - QFontInfo
 - QFontMetrics
 - QFontMetricsF
 - QForeachContainer
 - QForeachContainerBase
 - QFormLayout
 - QFrame
 - QFtp
 - QFuture
 - QFutureInterface
 - QFutureInterfaceBase
 - QFutureIterator
 - QFutureSynchronizer
 - QFutureWatcher
 - QFutureWatcherBase
 - QGLBuffer
 - QGLColormap
 - QGLContext
 - QGLFormat
 - QGLFramebufferObject
 - QGLFramebufferObjectFormat
 - QGLFunctions
 - QGLFunctionsPrivate
 - QGLPixelBuffer
 - QGLShader
 - QGLShaderProgram
 - QGLWidget
 - QGenericMatrix
 - QGesture
 - QGestureEvent
 - QGestureRecognizer
 - QGlobalStatic
 - QGlobalStaticDeleter
 - QGradient
 - QGraphicsAnchor
 - QGraphicsAnchorLayout
 - QGraphicsBlurEffect
 - QGraphicsColorizeEffect
 - QGraphicsDropShadowEffect
 - QGraphicsEffect
 - QGraphicsEllipseItem
 - QGraphicsGridLayout
 - QGraphicsItem
 - QGraphicsItemAnimation
 - QGraphicsItemGroup
 - QGraphicsLayout
 - QGraphicsLayoutItem
 - QGraphicsLineItem
 - QGraphicsLinearLayout
 - QGraphicsObject
 - QGraphicsOpacityEffect
 - QGraphicsPathItem
 - QGraphicsPixmapItem
 - QGraphicsPolygonItem
 - QGraphicsProxyWidget
 - QGraphicsRectItem
 - QGraphicsRotation
 - QGraphicsScale
 - QGraphicsScene
 - QGraphicsSceneContextMenuEvent
 - QGraphicsSceneDragDropEvent
 - QGraphicsSceneEvent
 - QGraphicsSceneHelpEvent
 - QGraphicsSceneHoverEvent
 - QGraphicsSceneMouseEvent
 - QGraphicsSceneMoveEvent
 - QGraphicsSceneResizeEvent
 - QGraphicsSceneWheelEvent
 - QGraphicsSimpleTextItem
 - QGraphicsSvgItem
 - QGraphicsTextItem
 - QGraphicsTransform
 - QGraphicsView
 - QGraphicsWidget
 - QGridLayout
 - QGroupBox
 - QGtkStyle
 - QHBoxLayout
 - QHash::const_iterator
 - QHash::iterator
 - QHashData
 - QHashDummyNode
 - QHashDummyValue
 - QHashIterator
 - QHashNode
 - QHeaderView
 - QHelpContentItem
 - QHelpContentModel
 - QHelpContentWidget
 - QHelpEngine
 - QHelpEngineCore
 - QHelpEvent
 - QHelpGlobal
 - QHelpIndexModel
 - QHelpIndexWidget
 - QHelpSearchEngine
 - QHelpSearchQuery
 - QHelpSearchQueryWidget
 - QHelpSearchResultWidget
 - QHideEvent
 - QHostAddress
 - QHostInfo
 - QHoverEvent
 - QHttp
 - QHttpHeader
 - QHttpMultiPart
 - QHttpPart
 - QHttpRequestHeader
 - QHttpResponseHeader
 - QIPv6Address
 - QIcon
 - QIconDragEvent
 - QIconEngine
 - QIconEngineFactoryInterface
 - QIconEngineFactoryInterfaceV2
 - QIconEnginePlugin
 - QIconEnginePluginV2
 - QIconEngineV2
 - QIdentityProxyModel
 - QImage
 - QImageIOHandler
 - QImageIOHandlerFactoryInterface
 - QImageIOPlugin
 - QImageReader
 - QImageTextKeyLang
 - QImageWriter
 - QIncompatibleFlag
 - QInputContext
 - QInputContextFactory
 - QInputContextFactoryInterface
 - QInputContextPlugin
 - QInputDialog
 - QInputEvent
 - QInputMethodEvent
 - QIntValidator
 - QIntegerForSize>
 - QIntegerForSizeof
 - QInternal
 - QItemDelegate
 - QItemEditorCreator
 - QItemEditorCreatorBase
 - QItemEditorFactory
 - QItemSelection
 - QItemSelectionModel
 - QItemSelectionRange
 - QKeyEvent
 - QKeyEventTransition
 - QKeySequence
 - QLCDNumber
 - QLabel
 - QLatin1Char
 - QLatin1Literal
 - QLatin1String
 - QLayout
 - QLayoutItem
 - QLibrary
 - QLineEdit
 - QLinearGradient
 - QLinkedList::const_iterator
 - QLinkedList::iterator
 - QLinkedListData
 - QLinkedListIterator
 - QLinkedListNode
 - QList::Node
 - QList::const_iterator
 - QList::iterator
 - QListData
 - QListIterator
 - QListView
 - QListWidget
 - QListWidgetItem
 - QLocalServer
 - QLocalSocket
 - QLocale::Data
 - QMainWindow
 - QMap::const_iterator
 - QMap::iterator
 - QMapData
 - QMapIterator
 - QMapNode
 - QMapPayloadNode
 - QMatrix
 - QMatrix4x4
 - QMdiArea
 - QMdiSubWindow
 - QMenu
 - QMenuBar
 - QMessageBox
 - QMetaObjectExtraData
 - QMetaType
 - QMetaTypeId
 - QMetaTypeId2
 - QMimeSource
 - QMotifStyle
 - QMouseEvent
 - QMouseEventTransition
 - QMoveEvent
 - QMovie
 - QMultiHash
 - QMutableHashIterator
 - QMutableLinkedListIterator
 - QMutableListIterator
 - QMutableMapIterator
 - QMutableSetIterator
 - QMutableVectorIterator
 - QMutexData
 - QNetworkAccessManager
 - QNetworkAddressEntry
 - QNetworkCacheMetaData
 - QNetworkConfiguration
 - QNetworkConfigurationManager
 - QNetworkCookie
 - QNetworkCookieJar
 - QNetworkDiskCache
 - QNetworkInterface
 - QNetworkProxy
 - QNetworkProxyFactory
 - QNetworkProxyQuery
 - QNetworkReply
 - QNetworkRequest
 - QNetworkSession
 - QNoDebug
 - QObjectCleanupHandler
 - QObjectData
 - QObjectUserData
 - QPageSetupDialog
 - QPaintDevice
 - QPaintEngine
 - QPaintEngineState
 - QPaintEvent
 - QPainter
 - QPainterPath
 - QPainterPathPrivate
 - QPainterPathStroker
 - QPalette
 - QPanGesture
 - QPen
 - QPicture
 - QPictureFormatInterface
 - QPictureFormatPlugin
 - QPictureIO
 - QPinchGesture
 - QPixmap
 - QPixmapCache
 - QPlainTextDocumentLayout
 - QPlainTextEdit
 - QPlastiqueStyle
 - QPointer
 - QPolygon
 - QPolygonF
 - QPrintDialog
 - QPrintEngine
 - QPrintPreviewDialog
 - QPrintPreviewWidget
 - QPrinter
 - QPrinterInfo
 - QProgressBar
 - QProgressDialog
 - QProxyModel
 - QProxyStyle
 - QPushButton
 - QPyTextObject
 - QQuaternion
 - QRadialGradient
 - QRadioButton
 - QRegExpValidator
 - QRegion
 - QResizeEvent
 - QReturnArgument
 - QRubberBand
 - QS60Style
 - QScopedArrayPointer
 - QScopedPointer
 - QScopedPointerArrayDeleter
 - QScopedPointerDeleter
 - QScopedPointerPodDeleter
 - QScopedValueRollback
 - QScriptEngineDebugger
 - QScriptSyntaxCheckResult
 - QScrollArea
 - QScrollBar
 - QSessionManager
 - QSet::const_iterator
 - QSet::iterator
 - QSetIterator
 - QSharedData
 - QSharedDataPointer
 - QSharedMemory
 - QSharedPointer
 - QShortcut
 - QShortcutEvent
 - QShowEvent
 - QSignalSpy
 - QSimpleXmlNodeModel
 - QSizeGrip
 - QSizePolicy
 - QSlider
 - QSortFilterProxyModel
 - QSound
 - QSourceLocation
 - QSpacerItem
 - QSpinBox
 - QSplashScreen
 - QSplitter
 - QSplitterHandle
 - QSpontaneKeyEvent
 - QSqlDatabase
 - QSqlDriver
 - QSqlDriverCreator
 - QSqlDriverCreatorBase
 - QSqlDriverFactoryInterface
 - QSqlDriverPlugin
 - QSqlError
 - QSqlField
 - QSqlIndex
 - QSqlQuery
 - QSqlQueryModel
 - QSqlRecord
 - QSqlRelation
 - QSqlRelationalDelegate
 - QSqlRelationalTableModel
 - QSqlResult
 - QSqlTableModel
 - QSslCertificate
 - QSslCipher
 - QSslConfiguration
 - QSslError
 - QSslKey
 - QSslSocket
 - QStackedLayout
 - QStackedWidget
 - QStandardItem
 - QStandardItemEditorCreator
 - QStandardItemModel
 - QStaticText
 - QStatusBar
 - QStatusTipEvent
 - QStringBuilder
 - QStringListModel
 - QStringMatcher
 - QStyle
 - QStyleFactory
 - QStyleFactoryInterface
 - QStyleHintReturn
 - QStyleHintReturnMask
 - QStyleHintReturnVariant
 - QStyleOption
 - QStyleOptionButton
 - QStyleOptionComboBox
 - QStyleOptionComplex
 - QStyleOptionDockWidget
 - QStyleOptionDockWidgetV2
 - QStyleOptionFocusRect
 - QStyleOptionFrame
 - QStyleOptionFrameV2
 - QStyleOptionFrameV3
 - QStyleOptionGraphicsItem
 - QStyleOptionGroupBox
 - QStyleOptionHeader
 - QStyleOptionMenuItem
 - QStyleOptionProgressBar
 - QStyleOptionProgressBarV2
 - QStyleOptionQ3DockWindow
 - QStyleOptionQ3ListView
 - QStyleOptionQ3ListViewItem
 - QStyleOptionRubberBand
 - QStyleOptionSizeGrip
 - QStyleOptionSlider
 - QStyleOptionSpinBox
 - QStyleOptionTab
 - QStyleOptionTabBarBase
 - QStyleOptionTabBarBaseV2
 - QStyleOptionTabV2
 - QStyleOptionTabV3
 - QStyleOptionTabWidgetFrame
 - QStyleOptionTabWidgetFrameV2
 - QStyleOptionTitleBar
 - QStyleOptionToolBar
 - QStyleOptionToolBox
 - QStyleOptionToolBoxV2
 - QStyleOptionToolButton
 - QStyleOptionViewItem
 - QStyleOptionViewItemV2
 - QStyleOptionViewItemV3
 - QStyleOptionViewItemV4
 - QStylePainter
 - QStylePlugin
 - QStyledItemDelegate
 - QSvgGenerator
 - QSvgRenderer
 - QSvgWidget
 - QSwipeGesture
 - QSyntaxHighlighter
 - QSystemLocale::CurrencyToStringArgument
 - QSystemTrayIcon
 - QTabBar
 - QTabWidget
 - QTableView
 - QTableWidget
 - QTableWidgetItem
 - QTableWidgetSelectionRange
 - QTabletEvent
 - QTapAndHoldGesture
 - QTapGesture
 - QTcpServer
 - QTcpSocket
 - QTestBasicStreamer
 - QTestCoreElement
 - QTestCoreList
 - QTestData
 - QTestDelayEvent
 - QTestElement
 - QTestElementAttribute
 - QTestEvent
 - QTestEventList
 - QTestEventLoop
 - QTestFileLogger
 - QTestKeyClicksEvent
 - QTestKeyEvent
 - QTestLightXmlStreamer
 - QTestMouseEvent
 - QTestXmlStreamer
 - QTestXunitStreamer
 - QTextBlock
 - QTextBlockFormat
 - QTextBlockGroup
 - QTextBlockUserData
 - QTextBrowser
 - QTextCharFormat
 - QTextCodecFactoryInterface
 - QTextCodecPlugin
 - QTextCursor
 - QTextDocument
 - QTextDocumentFragment
 - QTextDocumentWriter
 - QTextEdit
 - QTextFormat
 - QTextFragment
 - QTextFrame
 - QTextFrameFormat
 - QTextFrameLayoutData
 - QTextImageFormat
 - QTextInlineObject
 - QTextItem
 - QTextLayout
 - QTextLength
 - QTextLine
 - QTextList
 - QTextListFormat
 - QTextObject
 - QTextObjectInterface
 - QTextOption
 - QTextTable
 - QTextTableCell
 - QTextTableCellFormat
 - QTextTableFormat
 - QThreadStorage
 - QThreadStorageData
 - QTileRules
 - QTimeEdit
 - QToolBar
 - QToolBarChangeEvent
 - QToolBox
 - QToolButton
 - QToolTip
 - QTouchEvent
 - QTransform
 - QTreeView
 - QTreeWidget
 - QTreeWidgetItem
 - QTreeWidgetItemIterator
 - QTypeInfo
 - QUdpSocket
 - QUiLoader
 - QUndoCommand
 - QUndoGroup
 - QUndoStack
 - QUndoView
 - QUpdateLaterEvent
 - QUrlInfo
 - QVBoxLayout
 - QVFbHeader
 - QVFbKeyData
 - QValidator
 - QVarLengthArray
 - QVector2D
 - QVector3D
 - QVector4D
 - QVectorData
 - QVectorIterator
 - QVectorTypedData
 - QVideoFrame
 - QVideoSurfaceFormat
 - QWSEmbedWidget
 - QWeakPointer
 - QWhatsThis
 - QWhatsThisClickedEvent
 - QWheelEvent
 - QWidget
 - QWidgetAction
 - QWidgetData
 - QWidgetItem
 - QWidgetItemV2
 - QWindowStateChangeEvent
 - QWindowsCEStyle
 - QWindowsMobileStyle
 - QWindowsStyle
 - QWindowsVistaStyle
 - QWindowsXPStyle
 - QWizard
 - QWizardPage
 - QWorkspace
 - QX11EmbedContainer
 - QX11EmbedWidget
 - QX11Info
 - QXmlAttributes
 - QXmlContentHandler
 - QXmlDTDHandler
 - QXmlDeclHandler
 - QXmlDefaultHandler
 - QXmlEntityResolver
 - QXmlErrorHandler
 - QXmlFormatter
 - QXmlInputSource
 - QXmlItem
 - QXmlLexicalHandler
 - QXmlLocator
 - QXmlName
 - QXmlNamePool
 - QXmlNamespaceSupport
 - QXmlNodeModelIndex
 - QXmlParseException
 - QXmlQuery
 - QXmlReader
 - QXmlResultItems
 - QXmlSchema
 - QXmlSchemaValidator
 - QXmlSerializer
 - QXmlSimpleReader
 - QXmlStreamStringRef
 - QtConcurrent::Exception
 - QtConcurrent::UnhandledException
 - _IO_FILE
 - _IO_marker
 - __exception
 - drand48_data
 - pthread_attr_t
 - random_data
 - timespec
 - timeval
 - wait
************************************************************************

************************************************************************
Generation disabled by type system
************************************************************************

************************************************************************
Type redefined to not be a class
 - QBool
 - QChar
 - QString
 - QStringList
 - QStringRef
 - QVariant
************************************************************************

************************************************************************
Unmatched argument type
************************************************************************

************************************************************************
Unmatched return type
************************************************************************

************************************************************************
Incompatible API
************************************************************************

