************************************************************************
Not in type system
************************************************************************

************************************************************************
Generation disabled by type system
 - QAbstractAnimation::d_func
 - QAbstractEventDispatcher::d_func
 - QAbstractEventDispatcher::filterEvent
 - QAbstractEventDispatcher::setEventFilter
 - QAbstractFileEngine::d_func
 - QAbstractFileEngine::endEntryList
 - QAbstractFileEngine::extension
 - QAbstractFileEngineIterator::entryInfo
 - QAbstractItemModel::d_func
 - QAbstractState::d_func
 - QAbstractTransition::d_func
 - QAnimationGroup::d_func
 - QBitArray::data_ptr
 - QBitArray::detach
 - QBitArray::isDetached
 - QBuffer::d_func
 - QByteArray::data_ptr
 - QByteArray::detach
 - QByteArray::isDetached
 - QCoreApplication::compressEvent
 - QCoreApplication::d_func
 - QCoreApplication::filterEvent
 - QCoreApplication::setEventFilter
 - QDateTime::detach
 - QEasingCurve::customType
 - QEasingCurve::setCustomType
 - QEventLoop::d_func
 - QEventTransition::d_func
 - QFSFileEngine::d_func
 - QFile::d_func
 - QFile::setDecodingFunction
 - QFile::setEncodingFunction
 - QFileInfo::d_func
 - QFileInfo::detach
 - QFileSystemWatcher::d_func
 - QFinalState::d_func
 - QHash::detach
 - QHash::isDetached
 - QHistoryState::d_func
 - QIODevice::d_func
 - QLinkedList::detach
 - QLinkedList::isDetached
 - QList::detach
 - QList::isDetached
 - QMap::detach
 - QMap::isDetached
 - QMetaObject::activate
 - QMetaObject::addGuard
 - QMetaObject::changeGuard
 - QMetaObject::removeGuard
 - QMetaObject::static_metacall
 - QMetaObject::tr
 - QMetaObject::trUtf8
 - QMimeData::d_func
 - QObject::d_func
 - QObject::tr
 - QObject::trUtf8
 - QParallelAnimationGroup::d_func
 - QPauseAnimation::d_func
 - QProcess::d_func
 - QPropertyAnimation::d_func
 - QResource::d_func
 - QScriptClass::d_func
 - QScriptClassPropertyIterator::d_func
 - QScriptContext::d_func
 - QScriptContextInfo::d_func
 - QScriptEngine::d_func
 - QScriptEngineAgent::d_func
 - QScriptProgram::d_func
 - QScriptString::d_func
 - QScriptValue::d_func
 - QScriptValueIterator::d_func
 - QScriptable::d_func
 - QSequentialAnimationGroup::d_func
 - QSet::detach
 - QSet::isDetached
 - QSettings::d_func
 - QSettings::registerFormat
 - QSignalMapper::d_func
 - QSignalTransition::d_func
 - QSocketNotifier::d_func
 - QState::d_func
 - QStateMachine::d_func
 - QTemporaryFile::d_func
 - QTextStream::d_func
 - QThread::d_func
 - QThreadPool::d_func
 - QTimeLine::d_func
 - QTranslator::d_func
 - QUrl::data_ptr
 - QUrl::detach
 - QUrl::isDetached
 - QVariantAnimation::d_func
 - QVariantAnimation::qRegisterAnimationInterpolator
 - QVector::detach
 - QVector::isDetached
 - QXmlStreamReader::d_func
 - QXmlStreamWriter::d_func
************************************************************************

************************************************************************
Type redefined to not be a class
************************************************************************

************************************************************************
Unmatched argument type
 - QAbstractAnimation::QAbstractAnimation
 - QAbstractEventDispatcher::QAbstractEventDispatcher
 - QAbstractFileEngine::QAbstractFileEngine
 - QAbstractItemModel::QAbstractItemModel
 - QAbstractListModel::QAbstractListModel
 - QAbstractState::QAbstractState
 - QAbstractTableModel::QAbstractTableModel
 - QAbstractTransition::QAbstractTransition
 - QAnimationGroup::QAnimationGroup
 - QByteArray::QByteArray
 - QCoreApplication::QCoreApplication
 - QEventTransition::QEventTransition
 - QFSFileEngine::QFSFileEngine
 - QFSFileEngine::extension
 - QFSFileEngine::open
 - QFile::QFile
 - QFile::open
 - QFileInfo::QFileInfo
 - QHash::deleteNode
 - QHash::deleteNode2
 - QHash::duplicateNode
 - QHash::freeData
 - QIODevice::QIODevice
 - QLinkedList::free
 - QLinkedList::fromStdList
 - QList::free
 - QList::fromStdList
 - QList::node_construct
 - QList::node_copy
 - QList::node_destruct
 - QMap::QMap
 - QMap::freeData
 - QObject::QObject
 - QObject::setUserData
 - QParallelAnimationGroup::QParallelAnimationGroup
 - QPluginLoader::setLoadHints
 - QPoint::operator*
 - QPointF::operator*
 - QScriptClass::QScriptClass
 - QScriptClassPropertyIterator::QScriptClassPropertyIterator
 - QScriptEngine::QScriptEngine
 - QScriptEngine::newFunction
 - QScriptEngine::registerCustomType
 - QScriptEngine::toScriptValue
 - QScriptEngineAgent::QScriptEngineAgent
 - QScriptValue::QScriptValue
 - QSequentialAnimationGroup::QSequentialAnimationGroup
 - QSignalMapper::mapped
 - QSignalMapper::mapping
 - QSignalMapper::setMapping
 - QState::QState
 - QStateMachine::QStateMachine
 - QTextStream::QTextStream
 - QTextStreamManipulator::QTextStreamManipulator
 - QThread::QThread
 - QVariantAnimation::QVariantAnimation
 - QVariantAnimation::registerInterpolator
 - QVector::erase
 - QVector::free
 - QVector::fromStdVector
 - QVector::insert
 - QXmlStreamAttributes::hasAttribute
 - QXmlStreamAttributes::value
 - QtConcurrent::blockingFilter
 - QtConcurrent::blockingMap
************************************************************************

************************************************************************
Unmatched return type
 - QBitArray::operator[]
 - QByteArray::operator[]
 - QHash::begin
 - QHash::concrete
 - QHash::constBegin
 - QHash::constEnd
 - QHash::constFind
 - QHash::createNode
 - QHash::end
 - QHash::erase
 - QHash::find
 - QHash::findNode
 - QHash::insert
 - QHash::insertMulti
 - QLinkedList::begin
 - QLinkedList::constBegin
 - QLinkedList::constEnd
 - QLinkedList::end
 - QLinkedList::erase
 - QLinkedList::insert
 - QLinkedList::toStdList
 - QList::begin
 - QList::constBegin
 - QList::constEnd
 - QList::detach_helper_grow
 - QList::end
 - QList::erase
 - QList::insert
 - QList::toStdList
 - QLocale::d
 - QMap::begin
 - QMap::concrete
 - QMap::constBegin
 - QMap::constEnd
 - QMap::constFind
 - QMap::end
 - QMap::erase
 - QMap::find
 - QMap::findNode
 - QMap::insert
 - QMap::insertMulti
 - QMap::lowerBound
 - QMap::mutableFindNode
 - QMap::node_create
 - QMap::toStdMap
 - QMap::upperBound
 - QMultiMap::constFind
 - QMultiMap::find
 - QMultiMap::insert
 - QMultiMap::replace
 - QObject::findChild
 - QObject::findChildren
 - QObject::userData
 - QPluginLoader::loadHints
 - QScriptClass::queryProperty
 - QScriptEngine::checkSyntax
 - QScriptEngine::fromScriptValue
 - QSet::begin
 - QSet::constBegin
 - QSet::constEnd
 - QSet::constFind
 - QSet::end
 - QSet::erase
 - QSet::find
 - QSet::insert
 - QVector::back
 - QVector::begin
 - QVector::constBegin
 - QVector::constEnd
 - QVector::end
 - QVector::front
 - QVector::malloc
 - QVector::toStdVector
 - QtConcurrent::blockingFiltered
 - QtConcurrent::blockingFilteredReduced
 - QtConcurrent::blockingMapped
 - QtConcurrent::blockingMappedReduced
 - QtConcurrent::filter
 - QtConcurrent::filtered
 - QtConcurrent::filteredReduced
 - QtConcurrent::map
 - QtConcurrent::mapped
 - QtConcurrent::mappedReduced
 - QtConcurrent::operator|
 - QtConcurrent::run
************************************************************************

************************************************************************
Incompatible API
************************************************************************

